{
  "stats": {
    "suites": 3,
    "tests": 2,
    "passes": 2,
    "pending": 0,
    "failures": 0,
    "start": "2018-07-17T06:12:40.939Z",
    "end": "2018-07-17T06:12:40.989Z",
    "duration": 50,
    "testsRegistered": 2,
    "passPercent": 100,
    "pendingPercent": 0,
    "other": 0,
    "hasOther": false,
    "skipped": 0,
    "hasSkipped": false,
    "passPercentClass": "success",
    "pendingPercentClass": "danger"
  },
  "suites": {
    "uuid": "d898f2a0-4e96-4709-a9cd-43a46673a919",
    "title": "",
    "fullFile": "",
    "file": "",
    "beforeHooks": [],
    "afterHooks": [],
    "tests": [],
    "suites": [
      {
        "uuid": "466549e7-ad67-4752-b903-b138da6bba28",
        "title": "NodeUII自动化测试脚本",
        "fullFile": "F:\\github\\dogjun-cli\\tests\\service\\router.spec.js",
        "file": "\\tests\\service\\router.spec.js",
        "beforeHooks": [],
        "afterHooks": [],
        "tests": [],
        "suites": [
          {
            "uuid": "6d9342f4-49cd-42a9-a5a0-c414e2763a24",
            "title": "API接口测试",
            "fullFile": "F:\\github\\dogjun-cli\\tests\\service\\router.spec.js",
            "file": "\\tests\\service\\router.spec.js",
            "beforeHooks": [],
            "afterHooks": [],
            "tests": [
              {
                "title": "测试获取的数据",
                "fullTitle": "NodeUII自动化测试脚本 API接口测试 测试获取的数据",
                "timedOut": false,
                "duration": 22,
                "state": "passed",
                "speed": "fast",
                "pass": true,
                "fail": false,
                "pending": false,
                "code": "request()\n.get('/index/test')\n.set('Accept', 'appliaction/json')\n.expect('Content-Type', /json/)\n.expect(200)\n.end(function (err, response) {\n  if (response.body.data === 'hello test') {\n    done()\n  } else {\n    done(new Error('测试接口与预期不符合'))\n  }\n})",
                "err": {},
                "isRoot": false,
                "uuid": "0042ef15-e6bf-438b-bf83-00b928422c22",
                "isHook": false,
                "skipped": false
              }
            ],
            "suites": [],
            "passes": [
              "0042ef15-e6bf-438b-bf83-00b928422c22"
            ],
            "failures": [],
            "pending": [],
            "skipped": [],
            "duration": 22,
            "root": false,
            "rootEmpty": false,
            "_timeout": 2000
          },
          {
            "uuid": "d6bb2ca1-119d-43bc-bf96-ea0d3c6713c5",
            "title": "NodeUII容错测试",
            "fullFile": "F:\\github\\dogjun-cli\\tests\\service\\router.spec.js",
            "file": "\\tests\\service\\router.spec.js",
            "beforeHooks": [],
            "afterHooks": [],
            "tests": [
              {
                "title": "测试404",
                "fullTitle": "NodeUII自动化测试脚本 NodeUII容错测试 测试404",
                "timedOut": false,
                "duration": 10,
                "state": "passed",
                "speed": "fast",
                "pass": true,
                "fail": false,
                "pending": false,
                "code": "request()\n.get('/notfound')\n.expect(404, done)",
                "err": {},
                "isRoot": false,
                "uuid": "a470f533-9f31-460a-831b-dae04599356c",
                "isHook": false,
                "skipped": false
              }
            ],
            "suites": [],
            "passes": [
              "a470f533-9f31-460a-831b-dae04599356c"
            ],
            "failures": [],
            "pending": [],
            "skipped": [],
            "duration": 10,
            "root": false,
            "rootEmpty": false,
            "_timeout": 2000
          }
        ],
        "passes": [],
        "failures": [],
        "pending": [],
        "skipped": [],
        "duration": 0,
        "root": false,
        "rootEmpty": false,
        "_timeout": 2000
      }
    ],
    "passes": [],
    "failures": [],
    "pending": [],
    "skipped": [],
    "duration": 0,
    "root": true,
    "rootEmpty": true,
    "_timeout": 2000
  },
  "copyrightYear": 2018
}